2025-09-01 01:53:50,242 INFO RPC interface 'supervisor' initialized
2025-09-01 01:53:50,242 CRIT Server 'unix_http_server' running without any HTTP authentication checking
2025-09-01 01:53:50,245 INFO daemonizing the supervisord process
2025-09-01 01:53:50,246 INFO supervisord started with pid 2401
2025-09-01 01:53:51,249 INFO spawned: 'telegram_bot' with pid 2416
2025-09-01 01:53:52,670 INFO success: telegram_bot entered RUNNING state, process has stayed up for > than 1 seconds (startsecs)
2025-09-01 01:56:06,095 INFO waiting for telegram_bot to stop
2025-09-01 01:56:08,098 INFO waiting for telegram_bot to stop
2025-09-01 01:56:09,816 INFO stopped: telegram_bot (exit status 0)
2025-09-01 01:56:39,526 INFO RPC interface 'supervisor' initialized
2025-09-01 01:56:39,526 CRIT Server 'unix_http_server' running without any HTTP authentication checking
2025-09-01 01:56:39,526 INFO supervisord started with pid 2401
2025-09-01 01:56:40,529 INFO spawned: 'telegram_bot' with pid 3391
2025-09-01 01:56:40,532 INFO spawned: 'webserver' with pid 3392
2025-09-01 01:56:41,826 INFO success: telegram_bot entered RUNNING state, process has stayed up for > than 1 seconds (startsecs)
2025-09-01 01:56:41,826 INFO success: webserver entered RUNNING state, process has stayed up for > than 1 seconds (startsecs)
2025-09-01 02:26:32,987 INFO RPC interface 'supervisor' initialized
2025-09-01 02:26:32,987 CRIT Server 'unix_http_server' running without any HTTP authentication checking
2025-09-01 02:26:32,990 INFO daemonizing the supervisord process
2025-09-01 02:26:32,991 INFO supervisord started with pid 1332
2025-09-01 02:26:33,994 INFO spawned: 'simple_bot' with pid 1357
2025-09-01 02:26:35,361 INFO success: simple_bot entered RUNNING state, process has stayed up for > than 1 seconds (startsecs)
2025-09-01 02:28:35,589 INFO waiting for simple_bot to die
2025-09-01 02:28:38,595 INFO waiting for simple_bot to die
2025-09-01 02:28:39,214 INFO stopped: simple_bot (exit status 0)
