2025-09-01 01:53:51,998 - __main__ - INFO - بدء تشغيل البوت...
2025-09-01 01:53:52,223 - __main__ - ERROR - خطأ في تحميل bot_stats.json: Expecting value: line 1 column 1 (char 0)
2025-09-01 01:53:52,224 - __main__ - ERROR - خطأ في تحميل bot_config.json: Expecting value: line 1 column 1 (char 0)
2025-09-01 01:53:52,225 - __main__ - INFO - البوت شغال دلوقتي! 🚀
2025-09-01 01:53:52,669 - httpx - INFO - HTTP Request: POST https://api.telegram.org/bot7958170099:AAHttiDXnc_aHcdPrmZUTnD-rn9w1LD4T6I/getMe "HTTP/1.1 200 OK"
2025-09-01 01:53:52,820 - httpx - INFO - HTTP Request: POST https://api.telegram.org/bot7958170099:AAHttiDXnc_aHcdPrmZUTnD-rn9w1LD4T6I/setMyCommands "HTTP/1.1 200 OK"
2025-09-01 01:53:52,821 - __main__ - INFO - البوت جاهز! Token: 7958170099:AAHttiDXn...
2025-09-01 01:53:52,965 - httpx - INFO - HTTP Request: POST https://api.telegram.org/bot7958170099:AAHttiDXnc_aHcdPrmZUTnD-rn9w1LD4T6I/deleteWebhook "HTTP/1.1 200 OK"
2025-09-01 01:53:52,967 - telegram.ext.Application - INFO - Application started
2025-09-01 01:53:53,395 - httpx - INFO - HTTP Request: POST https://api.telegram.org/bot7958170099:AAHttiDXnc_aHcdPrmZUTnD-rn9w1LD4T6I/getUpdates "HTTP/1.1 200 OK"
2025-09-01 01:54:03,551 - httpx - INFO - HTTP Request: POST https://api.telegram.org/bot7958170099:AAHttiDXnc_aHcdPrmZUTnD-rn9w1LD4T6I/getUpdates "HTTP/1.1 200 OK"
2025-09-01 01:54:13,714 - httpx - INFO - HTTP Request: POST https://api.telegram.org/bot7958170099:AAHttiDXnc_aHcdPrmZUTnD-rn9w1LD4T6I/getUpdates "HTTP/1.1 200 OK"
2025-09-01 01:54:23,858 - httpx - INFO - HTTP Request: POST https://api.telegram.org/bot7958170099:AAHttiDXnc_aHcdPrmZUTnD-rn9w1LD4T6I/getUpdates "HTTP/1.1 200 OK"
2025-09-01 01:54:34,003 - httpx - INFO - HTTP Request: POST https://api.telegram.org/bot7958170099:AAHttiDXnc_aHcdPrmZUTnD-rn9w1LD4T6I/getUpdates "HTTP/1.1 200 OK"
2025-09-01 01:54:44,147 - httpx - INFO - HTTP Request: POST https://api.telegram.org/bot7958170099:AAHttiDXnc_aHcdPrmZUTnD-rn9w1LD4T6I/getUpdates "HTTP/1.1 200 OK"
2025-09-01 01:54:54,291 - httpx - INFO - HTTP Request: POST https://api.telegram.org/bot7958170099:AAHttiDXnc_aHcdPrmZUTnD-rn9w1LD4T6I/getUpdates "HTTP/1.1 200 OK"
2025-09-01 01:55:04,433 - httpx - INFO - HTTP Request: POST https://api.telegram.org/bot7958170099:AAHttiDXnc_aHcdPrmZUTnD-rn9w1LD4T6I/getUpdates "HTTP/1.1 200 OK"
2025-09-01 01:55:14,577 - httpx - INFO - HTTP Request: POST https://api.telegram.org/bot7958170099:AAHttiDXnc_aHcdPrmZUTnD-rn9w1LD4T6I/getUpdates "HTTP/1.1 200 OK"
2025-09-01 01:55:24,721 - httpx - INFO - HTTP Request: POST https://api.telegram.org/bot7958170099:AAHttiDXnc_aHcdPrmZUTnD-rn9w1LD4T6I/getUpdates "HTTP/1.1 200 OK"
2025-09-01 01:55:34,865 - httpx - INFO - HTTP Request: POST https://api.telegram.org/bot7958170099:AAHttiDXnc_aHcdPrmZUTnD-rn9w1LD4T6I/getUpdates "HTTP/1.1 200 OK"
2025-09-01 01:55:45,007 - httpx - INFO - HTTP Request: POST https://api.telegram.org/bot7958170099:AAHttiDXnc_aHcdPrmZUTnD-rn9w1LD4T6I/getUpdates "HTTP/1.1 200 OK"
2025-09-01 01:55:55,153 - httpx - INFO - HTTP Request: POST https://api.telegram.org/bot7958170099:AAHttiDXnc_aHcdPrmZUTnD-rn9w1LD4T6I/getUpdates "HTTP/1.1 200 OK"
2025-09-01 01:56:05,296 - httpx - INFO - HTTP Request: POST https://api.telegram.org/bot7958170099:AAHttiDXnc_aHcdPrmZUTnD-rn9w1LD4T6I/getUpdates "HTTP/1.1 200 OK"
2025-09-01 01:56:09,526 - httpx - INFO - HTTP Request: POST https://api.telegram.org/bot7958170099:AAHttiDXnc_aHcdPrmZUTnD-rn9w1LD4T6I/getUpdates "HTTP/1.1 200 OK"
2025-09-01 01:56:09,528 - telegram.ext.Application - INFO - Application is stopping. This might take a moment.
2025-09-01 01:56:09,528 - telegram.ext.Application - INFO - Application.stop() complete
2025-09-01 01:56:41,182 - __main__ - INFO - بدء تشغيل البوت...
2025-09-01 01:56:41,383 - __main__ - ERROR - خطأ في تحميل bot_stats.json: Expecting value: line 1 column 1 (char 0)
2025-09-01 01:56:41,384 - __main__ - ERROR - خطأ في تحميل bot_config.json: Expecting value: line 1 column 1 (char 0)
2025-09-01 01:56:41,385 - __main__ - INFO - البوت شغال دلوقتي! 🚀
2025-09-01 01:56:41,825 - httpx - INFO - HTTP Request: POST https://api.telegram.org/bot7958170099:AAHttiDXnc_aHcdPrmZUTnD-rn9w1LD4T6I/getMe "HTTP/1.1 200 OK"
2025-09-01 01:56:41,982 - httpx - INFO - HTTP Request: POST https://api.telegram.org/bot7958170099:AAHttiDXnc_aHcdPrmZUTnD-rn9w1LD4T6I/setMyCommands "HTTP/1.1 200 OK"
2025-09-01 01:56:41,983 - __main__ - INFO - البوت جاهز! Token: 7958170099:AAHttiDXn...
2025-09-01 01:56:42,127 - httpx - INFO - HTTP Request: POST https://api.telegram.org/bot7958170099:AAHttiDXnc_aHcdPrmZUTnD-rn9w1LD4T6I/deleteWebhook "HTTP/1.1 200 OK"
2025-09-01 01:56:42,129 - telegram.ext.Application - INFO - Application started
2025-09-01 01:56:52,558 - httpx - INFO - HTTP Request: POST https://api.telegram.org/bot7958170099:AAHttiDXnc_aHcdPrmZUTnD-rn9w1LD4T6I/getUpdates "HTTP/1.1 200 OK"
2025-09-01 01:57:02,704 - httpx - INFO - HTTP Request: POST https://api.telegram.org/bot7958170099:AAHttiDXnc_aHcdPrmZUTnD-rn9w1LD4T6I/getUpdates "HTTP/1.1 200 OK"
